Base path: '/Applications/Unity/Hub/Editor/2019.3.11f1/Unity.app/Contents', plugins path '/Applications/Unity/Hub/Editor/2019.3.11f1/PlaybackEngines'
Cmd: initializeCompiler
Cmd: initializeCompiler
Cmd: preprocess
  insize=1431 outsize=281 ok=1
Cmd: compileSnippet
  api=14 type=0 insize=1589 outsize=1546 kw= pd=UNITY_NO_DXT5nm UNITY_ENABLE_REFLECTION_BUFFERS UNITY_USE_DITHER_MASK_FOR_ALPHABLENDED_SHADOWS UNITY_PBS_USE_BRDF1 UNITY_SPECCUBE_BOX_PROJECTION UNITY_SPECCUBE_BLENDING UNITY_ENABLE_DETAIL_NORMALMAP SHADER_API_DESKTOP UNITY_COLORSPACE_GAMMA UNITY_LIGHT_PROBE_PROXY_VOLUME UNITY_LIGHTMAP_DLDR_ENCODING ok=1
Cmd: compileSnippet
  api=14 type=1 insize=1589 outsize=880 kw= pd=UNITY_NO_DXT5nm UNITY_ENABLE_REFLECTION_BUFFERS UNITY_USE_DITHER_MASK_FOR_ALPHABLENDED_SHADOWS UNITY_PBS_USE_BRDF1 UNITY_SPECCUBE_BOX_PROJECTION UNITY_SPECCUBE_BLENDING UNITY_ENABLE_DETAIL_NORMALMAP SHADER_API_DESKTOP UNITY_COLORSPACE_GAMMA UNITY_LIGHT_PROBE_PROXY_VOLUME UNITY_LIGHTMAP_DLDR_ENCODING ok=1
Cmd: preprocess
  insize=4091 outsize=758 ok=1
Cmd: compileSnippet
  api=14 type=0 insize=3697 outsize=1546 kw= pd=UNITY_NO_DXT5nm UNITY_ENABLE_REFLECTION_BUFFERS UNITY_USE_DITHER_MASK_FOR_ALPHABLENDED_SHADOWS UNITY_PBS_USE_BRDF1 UNITY_SPECCUBE_BOX_PROJECTION UNITY_SPECCUBE_BLENDING UNITY_ENABLE_DETAIL_NORMALMAP SHADER_API_DESKTOP UNITY_COLORSPACE_GAMMA UNITY_LIGHT_PROBE_PROXY_VOLUME UNITY_LIGHTMAP_DLDR_ENCODING ok=1
Cmd: compileSnippet
  api=14 type=1 insize=3697 outsize=2734 kw= pd=UNITY_NO_DXT5nm UNITY_ENABLE_REFLECTION_BUFFERS UNITY_USE_DITHER_MASK_FOR_ALPHABLENDED_SHADOWS UNITY_PBS_USE_BRDF1 UNITY_SPECCUBE_BOX_PROJECTION UNITY_SPECCUBE_BLENDING UNITY_ENABLE_DETAIL_NORMALMAP SHADER_API_DESKTOP UNITY_COLORSPACE_GAMMA UNITY_LIGHT_PROBE_PROXY_VOLUME UNITY_LIGHTMAP_DLDR_ENCODING ok=1
Cmd: compileSnippet
  api=14 type=0 insize=3697 outsize=1546 kw= pd=UNITY_NO_DXT5nm UNITY_ENABLE_REFLECTION_BUFFERS UNITY_USE_DITHER_MASK_FOR_ALPHABLENDED_SHADOWS UNITY_PBS_USE_BRDF1 UNITY_SPECCUBE_BOX_PROJECTION UNITY_SPECCUBE_BLENDING UNITY_ENABLE_DETAIL_NORMALMAP SHADER_API_DESKTOP UNITY_COLORSPACE_GAMMA UNITY_LIGHT_PROBE_PROXY_VOLUME UNITY_LIGHTMAP_DLDR_ENCODING ok=1
Cmd: compileSnippet
  api=14 type=1 insize=3697 outsize=2734 kw= pd=UNITY_NO_DXT5nm UNITY_ENABLE_REFLECTION_BUFFERS UNITY_USE_DITHER_MASK_FOR_ALPHABLENDED_SHADOWS UNITY_PBS_USE_BRDF1 UNITY_SPECCUBE_BOX_PROJECTION UNITY_SPECCUBE_BLENDING UNITY_ENABLE_DETAIL_NORMALMAP SHADER_API_DESKTOP UNITY_COLORSPACE_GAMMA UNITY_LIGHT_PROBE_PROXY_VOLUME UNITY_LIGHTMAP_DLDR_ENCODING ok=1
Cmd: preprocessCompute
  insize=1366 outsize=1372 ok=1
Cmd: compileComputeKernel
  api=14 insize=1372 outsize=1246 ok=1
Cmd: translateComputeKernel
  api=14 insize=1373 outsize=1510 ok=1
Cmd: preprocess
  insize=18513 outsize=2654 ok=1
Cmd: compileSnippet
  api=14 type=0 insize=14285 outsize=1561 kw= pd=UNITY_NO_DXT5nm UNITY_ENABLE_REFLECTION_BUFFERS UNITY_USE_DITHER_MASK_FOR_ALPHABLENDED_SHADOWS UNITY_PBS_USE_BRDF1 UNITY_SPECCUBE_BOX_PROJECTION UNITY_SPECCUBE_BLENDING UNITY_ENABLE_DETAIL_NORMALMAP SHADER_API_DESKTOP UNITY_COLORSPACE_GAMMA UNITY_LIGHT_PROBE_PROXY_VOLUME UNITY_LIGHTMAP_DLDR_ENCODING ok=1
Cmd: compileSnippet
  api=14 type=1 insize=14285 outsize=5052 kw= pd=UNITY_NO_DXT5nm UNITY_ENABLE_REFLECTION_BUFFERS UNITY_USE_DITHER_MASK_FOR_ALPHABLENDED_SHADOWS UNITY_PBS_USE_BRDF1 UNITY_SPECCUBE_BOX_PROJECTION UNITY_SPECCUBE_BLENDING UNITY_ENABLE_DETAIL_NORMALMAP SHADER_API_DESKTOP UNITY_COLORSPACE_GAMMA UNITY_LIGHT_PROBE_PROXY_VOLUME UNITY_LIGHTMAP_DLDR_ENCODING ok=1
Cmd: compileSnippet
  api=14 type=0 insize=14298 outsize=1561 kw= pd=UNITY_NO_DXT5nm UNITY_ENABLE_REFLECTION_BUFFERS UNITY_USE_DITHER_MASK_FOR_ALPHABLENDED_SHADOWS UNITY_PBS_USE_BRDF1 UNITY_SPECCUBE_BOX_PROJECTION UNITY_SPECCUBE_BLENDING UNITY_ENABLE_DETAIL_NORMALMAP SHADER_API_DESKTOP UNITY_COLORSPACE_GAMMA UNITY_LIGHT_PROBE_PROXY_VOLUME UNITY_LIGHTMAP_DLDR_ENCODING ok=1
Cmd: compileSnippet
  api=14 type=1 insize=14298 outsize=5067 kw= pd=UNITY_NO_DXT5nm UNITY_ENABLE_REFLECTION_BUFFERS UNITY_USE_DITHER_MASK_FOR_ALPHABLENDED_SHADOWS UNITY_PBS_USE_BRDF1 UNITY_SPECCUBE_BOX_PROJECTION UNITY_SPECCUBE_BLENDING UNITY_ENABLE_DETAIL_NORMALMAP SHADER_API_DESKTOP UNITY_COLORSPACE_GAMMA UNITY_LIGHT_PROBE_PROXY_VOLUME UNITY_LIGHTMAP_DLDR_ENCODING ok=1
Cmd: compileSnippet
  api=14 type=0 insize=15239 outsize=1561 kw= pd=UNITY_NO_DXT5nm UNITY_ENABLE_REFLECTION_BUFFERS UNITY_USE_DITHER_MASK_FOR_ALPHABLENDED_SHADOWS UNITY_PBS_USE_BRDF1 UNITY_SPECCUBE_BOX_PROJECTION UNITY_SPECCUBE_BLENDING UNITY_ENABLE_DETAIL_NORMALMAP SHADER_API_DESKTOP UNITY_COLORSPACE_GAMMA UNITY_LIGHT_PROBE_PROXY_VOLUME UNITY_LIGHTMAP_DLDR_ENCODING ok=1
Cmd: compileSnippet
  api=14 type=1 insize=15239 outsize=14833 kw= pd=UNITY_NO_DXT5nm UNITY_ENABLE_REFLECTION_BUFFERS UNITY_USE_DITHER_MASK_FOR_ALPHABLENDED_SHADOWS UNITY_PBS_USE_BRDF1 UNITY_SPECCUBE_BOX_PROJECTION UNITY_SPECCUBE_BLENDING UNITY_ENABLE_DETAIL_NORMALMAP SHADER_API_DESKTOP UNITY_COLORSPACE_GAMMA UNITY_LIGHT_PROBE_PROXY_VOLUME UNITY_LIGHTMAP_DLDR_ENCODING ok=1
Cmd: preprocessCompute
  insize=5013 outsize=5015 ok=1
Cmd: compileComputeKernel
  api=14 insize=5015 outsize=3647 ok=1
Cmd: translateComputeKernel
  api=14 insize=3647 outsize=8984 ok=1
Cmd: preprocess
  insize=3759 outsize=647 ok=1
Cmd: compileSnippet
  api=14 type=0 insize=3555 outsize=2909 kw= pd=UNITY_NO_DXT5nm UNITY_ENABLE_REFLECTION_BUFFERS UNITY_USE_DITHER_MASK_FOR_ALPHABLENDED_SHADOWS UNITY_PBS_USE_BRDF1 UNITY_SPECCUBE_BOX_PROJECTION UNITY_SPECCUBE_BLENDING UNITY_ENABLE_DETAIL_NORMALMAP SHADER_API_DESKTOP UNITY_COLORSPACE_GAMMA UNITY_LIGHT_PROBE_PROXY_VOLUME UNITY_LIGHTMAP_DLDR_ENCODING ok=1
Cmd: compileSnippet
  api=14 type=1 insize=3555 outsize=2109 kw= pd=UNITY_NO_DXT5nm UNITY_ENABLE_REFLECTION_BUFFERS UNITY_USE_DITHER_MASK_FOR_ALPHABLENDED_SHADOWS UNITY_PBS_USE_BRDF1 UNITY_SPECCUBE_BOX_PROJECTION UNITY_SPECCUBE_BLENDING UNITY_ENABLE_DETAIL_NORMALMAP SHADER_API_DESKTOP UNITY_COLORSPACE_GAMMA UNITY_LIGHT_PROBE_PROXY_VOLUME UNITY_LIGHTMAP_DLDR_ENCODING ok=1
Cmd: preprocess
  insize=1074 outsize=379 ok=1
Cmd: compileSnippet
  api=14 type=0 insize=1136 outsize=1335 kw= pd=UNITY_NO_DXT5nm UNITY_ENABLE_REFLECTION_BUFFERS UNITY_USE_DITHER_MASK_FOR_ALPHABLENDED_SHADOWS UNITY_PBS_USE_BRDF1 UNITY_SPECCUBE_BOX_PROJECTION UNITY_SPECCUBE_BLENDING UNITY_ENABLE_DETAIL_NORMALMAP SHADER_API_DESKTOP UNITY_COLORSPACE_GAMMA UNITY_LIGHT_PROBE_PROXY_VOLUME UNITY_LIGHTMAP_DLDR_ENCODING ok=1
Cmd: compileSnippet
  api=14 type=1 insize=1136 outsize=799 kw= pd=UNITY_NO_DXT5nm UNITY_ENABLE_REFLECTION_BUFFERS UNITY_USE_DITHER_MASK_FOR_ALPHABLENDED_SHADOWS UNITY_PBS_USE_BRDF1 UNITY_SPECCUBE_BOX_PROJECTION UNITY_SPECCUBE_BLENDING UNITY_ENABLE_DETAIL_NORMALMAP SHADER_API_DESKTOP UNITY_COLORSPACE_GAMMA UNITY_LIGHT_PROBE_PROXY_VOLUME UNITY_LIGHTMAP_DLDR_ENCODING ok=1
Cmd: preprocess
  insize=1091 outsize=185 ok=1
Cmd: compileSnippet
  api=14 type=0 insize=1342 outsize=1335 kw= pd=UNITY_NO_DXT5nm UNITY_ENABLE_REFLECTION_BUFFERS UNITY_USE_DITHER_MASK_FOR_ALPHABLENDED_SHADOWS UNITY_PBS_USE_BRDF1 UNITY_SPECCUBE_BOX_PROJECTION UNITY_SPECCUBE_BLENDING UNITY_ENABLE_DETAIL_NORMALMAP SHADER_API_DESKTOP UNITY_COLORSPACE_GAMMA UNITY_LIGHT_PROBE_PROXY_VOLUME UNITY_LIGHTMAP_DLDR_ENCODING ok=1
Cmd: compileSnippet
  api=14 type=1 insize=1342 outsize=539 kw= pd=UNITY_NO_DXT5nm UNITY_ENABLE_REFLECTION_BUFFERS UNITY_USE_DITHER_MASK_FOR_ALPHABLENDED_SHADOWS UNITY_PBS_USE_BRDF1 UNITY_SPECCUBE_BOX_PROJECTION UNITY_SPECCUBE_BLENDING UNITY_ENABLE_DETAIL_NORMALMAP SHADER_API_DESKTOP UNITY_COLORSPACE_GAMMA UNITY_LIGHT_PROBE_PROXY_VOLUME UNITY_LIGHTMAP_DLDR_ENCODING ok=1
Cmd: preprocessCompute
  insize=9091 outsize=9103 ok=1
Cmd: translateComputeKernel
  api=14 insize=3900 outsize=7119 ok=1
Cmd: preprocess
  insize=978 outsize=231 ok=1
Cmd: compileSnippet
  api=14 type=0 insize=1186 outsize=1467 kw= pd=UNITY_NO_DXT5nm UNITY_ENABLE_REFLECTION_BUFFERS UNITY_USE_DITHER_MASK_FOR_ALPHABLENDED_SHADOWS UNITY_PBS_USE_BRDF1 UNITY_SPECCUBE_BOX_PROJECTION UNITY_SPECCUBE_BLENDING UNITY_ENABLE_DETAIL_NORMALMAP SHADER_API_DESKTOP UNITY_COLORSPACE_GAMMA UNITY_LIGHT_PROBE_PROXY_VOLUME UNITY_LIGHTMAP_DLDR_ENCODING ok=1
Cmd: compileSnippet
  api=14 type=1 insize=1186 outsize=1162 kw= pd=UNITY_NO_DXT5nm UNITY_ENABLE_REFLECTION_BUFFERS UNITY_USE_DITHER_MASK_FOR_ALPHABLENDED_SHADOWS UNITY_PBS_USE_BRDF1 UNITY_SPECCUBE_BOX_PROJECTION UNITY_SPECCUBE_BLENDING UNITY_ENABLE_DETAIL_NORMALMAP SHADER_API_DESKTOP UNITY_COLORSPACE_GAMMA UNITY_LIGHT_PROBE_PROXY_VOLUME UNITY_LIGHTMAP_DLDR_ENCODING ok=1
Cmd: preprocess
  insize=428 outsize=428 ok=1
Cmd: compileSnippet
  api=14 type=0 insize=771 outsize=1483 kw= pd=UNITY_NO_DXT5nm UNITY_ENABLE_REFLECTION_BUFFERS UNITY_USE_DITHER_MASK_FOR_ALPHABLENDED_SHADOWS UNITY_PBS_USE_BRDF1 UNITY_SPECCUBE_BOX_PROJECTION UNITY_SPECCUBE_BLENDING UNITY_ENABLE_DETAIL_NORMALMAP SHADER_API_DESKTOP UNITY_COLORSPACE_GAMMA UNITY_LIGHT_PROBE_PROXY_VOLUME UNITY_LIGHTMAP_DLDR_ENCODING ok=1
Cmd: compileSnippet
  api=14 type=1 insize=771 outsize=631 kw= pd=UNITY_NO_DXT5nm UNITY_ENABLE_REFLECTION_BUFFERS UNITY_USE_DITHER_MASK_FOR_ALPHABLENDED_SHADOWS UNITY_PBS_USE_BRDF1 UNITY_SPECCUBE_BOX_PROJECTION UNITY_SPECCUBE_BLENDING UNITY_ENABLE_DETAIL_NORMALMAP SHADER_API_DESKTOP UNITY_COLORSPACE_GAMMA UNITY_LIGHT_PROBE_PROXY_VOLUME UNITY_LIGHTMAP_DLDR_ENCODING ok=1
Cmd: preprocess
  insize=4178 outsize=709 ok=1
Cmd: compileSnippet
  api=14 type=0 insize=3912 outsize=3102 kw= pd=UNITY_NO_DXT5nm UNITY_ENABLE_REFLECTION_BUFFERS UNITY_USE_DITHER_MASK_FOR_ALPHABLENDED_SHADOWS UNITY_PBS_USE_BRDF1 UNITY_SPECCUBE_BOX_PROJECTION UNITY_SPECCUBE_BLENDING UNITY_ENABLE_DETAIL_NORMALMAP SHADER_API_DESKTOP UNITY_COLORSPACE_GAMMA UNITY_LIGHT_PROBE_PROXY_VOLUME UNITY_LIGHTMAP_DLDR_ENCODING ok=1
Cmd: compileSnippet
  api=14 type=1 insize=3912 outsize=2855 kw= pd=UNITY_NO_DXT5nm UNITY_ENABLE_REFLECTION_BUFFERS UNITY_USE_DITHER_MASK_FOR_ALPHABLENDED_SHADOWS UNITY_PBS_USE_BRDF1 UNITY_SPECCUBE_BOX_PROJECTION UNITY_SPECCUBE_BLENDING UNITY_ENABLE_DETAIL_NORMALMAP SHADER_API_DESKTOP UNITY_COLORSPACE_GAMMA UNITY_LIGHT_PROBE_PROXY_VOLUME UNITY_LIGHTMAP_DLDR_ENCODING ok=1
Cmd: preprocess
  insize=1414 outsize=393 ok=1
Cmd: compileSnippet
  api=14 type=0 insize=1462 outsize=1423 kw= pd=UNITY_NO_DXT5nm UNITY_ENABLE_REFLECTION_BUFFERS UNITY_USE_DITHER_MASK_FOR_ALPHABLENDED_SHADOWS UNITY_PBS_USE_BRDF1 UNITY_SPECCUBE_BOX_PROJECTION UNITY_SPECCUBE_BLENDING UNITY_ENABLE_DETAIL_NORMALMAP SHADER_API_DESKTOP UNITY_COLORSPACE_GAMMA UNITY_LIGHT_PROBE_PROXY_VOLUME UNITY_LIGHTMAP_DLDR_ENCODING ok=1
Cmd: compileSnippet
  api=14 type=1 insize=1462 outsize=790 kw= pd=UNITY_NO_DXT5nm UNITY_ENABLE_REFLECTION_BUFFERS UNITY_USE_DITHER_MASK_FOR_ALPHABLENDED_SHADOWS UNITY_PBS_USE_BRDF1 UNITY_SPECCUBE_BOX_PROJECTION UNITY_SPECCUBE_BLENDING UNITY_ENABLE_DETAIL_NORMALMAP SHADER_API_DESKTOP UNITY_COLORSPACE_GAMMA UNITY_LIGHT_PROBE_PROXY_VOLUME UNITY_LIGHTMAP_DLDR_ENCODING ok=1
Cmd: preprocessCompute
  insize=1163 outsize=1165 ok=1
Cmd: compileComputeKernel
  api=14 insize=1165 outsize=1923 ok=1
Cmd: preprocessCompute
  insize=6371 outsize=6373 ok=1
Cmd: compileComputeKernel
  api=14 insize=6373 outsize=2835 ok=1
Cmd: translateComputeKernel
  api=14 insize=2835 outsize=4541 ok=1
Cmd: preprocessCompute
  insize=5813 outsize=5815 ok=1
Cmd: compileComputeKernel
  api=14 insize=5815 outsize=2524 ok=1
Cmd: translateComputeKernel
  api=14 insize=2524 outsize=4444 ok=1
Cmd: preprocess
  insize=23265 outsize=500 ok=1
Cmd: preprocessCompute
  insize=1965 outsize=1967 ok=1
Cmd: compileComputeKernel
  api=14 insize=1967 outsize=2414 ok=1
Cmd: translateComputeKernel
  api=14 insize=2414 outsize=3381 ok=1
Cmd: compileSnippet
  api=14 type=0 insize=23102 outsize=8218 kw=UNITY_PASS_FORWARDBASE pd=UNITY_NO_DXT5nm UNITY_ENABLE_REFLECTION_BUFFERS UNITY_NO_SCREENSPACE_SHADOWS UNITY_PBS_USE_BRDF2 SHADER_API_DESKTOP UNITY_HARDWARE_TIER3 UNITY_COLORSPACE_GAMMA UNITY_LIGHTMAP_DLDR_ENCODING ok=1
Cmd: compileSnippet
  api=14 type=1 insize=23102 outsize=1044 kw=UNITY_PASS_FORWARDBASE pd=UNITY_NO_DXT5nm UNITY_ENABLE_REFLECTION_BUFFERS UNITY_NO_SCREENSPACE_SHADOWS UNITY_PBS_USE_BRDF2 SHADER_API_DESKTOP UNITY_HARDWARE_TIER3 UNITY_COLORSPACE_GAMMA UNITY_LIGHTMAP_DLDR_ENCODING ok=1
Cmd: preprocessCompute
  insize=6371 outsize=6373 ok=1
Cmd: preprocessCompute
  insize=5813 outsize=5815 ok=1
Cmd: preprocess
  insize=23267 outsize=502 ok=1
Cmd: preprocessCompute
  insize=1965 outsize=1967 ok=1
Cmd: preprocessCompute
  insize=6371 outsize=6373 ok=1
Cmd: preprocessCompute
  insize=5813 outsize=5815 ok=1
Cmd: preprocess
  insize=23267 outsize=502 ok=1
Cmd: preprocessCompute
  insize=1965 outsize=1967 ok=1
Cmd: preprocessCompute
  insize=4622 outsize=4624 ok=1
Cmd: compileComputeKernel
  api=14 insize=4624 outsize=495 ok=1
Cmd: translateComputeKernel
  api=14 insize=495 outsize=301 ok=1
Cmd: preprocessCompute
  insize=3482 outsize=3484 ok=1
Cmd: compileComputeKernel
  api=14 insize=3484 outsize=1343 ok=1
Cmd: translateComputeKernel
  api=14 insize=1343 outsize=1690 ok=1
Cmd: preprocess
  insize=20857 outsize=514 ok=1
Cmd: preprocessCompute
  insize=1893 outsize=1895 ok=1
Cmd: compileComputeKernel
  api=14 insize=1895 outsize=1930 ok=1
Cmd: translateComputeKernel
  api=14 insize=1930 outsize=2175 ok=1
Cmd: preprocessCompute
  insize=6565 outsize=6567 ok=1
Cmd: compileComputeKernel
  api=14 insize=6567 outsize=2807 ok=1
Cmd: preprocessCompute
  insize=7348 outsize=7350 ok=1
Cmd: compileComputeKernel
  api=14 insize=7350 outsize=2924 ok=1
Cmd: translateComputeKernel
  api=14 insize=2924 outsize=5600 ok=1
Cmd: preprocessCompute
  insize=7535 outsize=7537 ok=1
Cmd: compileComputeKernel
  api=14 insize=7537 outsize=3612 ok=1
Cmd: preprocessCompute
  insize=7294 outsize=7296 ok=1
Cmd: compileComputeKernel
  api=14 insize=7296 outsize=4106 ok=1
Cmd: translateComputeKernel
  api=14 insize=4106 outsize=8226 ok=1
Cmd: preprocess
  insize=23660 outsize=508 ok=1
Cmd: preprocessCompute
  insize=7609 outsize=7611 ok=1
Cmd: compileComputeKernel
  api=14 insize=7611 outsize=3570 ok=1
Cmd: translateComputeKernel
  api=14 insize=3570 outsize=5651 ok=1
Cmd: preprocessCompute
  insize=9341 outsize=9343 ok=1
Cmd: compileComputeKernel
  api=14 insize=9343 outsize=6007 ok=1
Cmd: translateComputeKernel
  api=14 insize=6007 outsize=12712 ok=1
Cmd: preprocessCompute
  insize=6602 outsize=6604 ok=1
Cmd: compileComputeKernel
  error: 1 plat 14 at Trails.vfx(103): use of potentially uninitialized variable (GetParticleIndex)
  api=14 insize=6604 outsize=2759 ok=1
Cmd: translateComputeKernel
  api=14 insize=2759 outsize=5658 ok=1
Cmd: preprocessCompute
  insize=7436 outsize=7438 ok=1
Cmd: compileComputeKernel
  api=14 insize=7438 outsize=4890 ok=1
Cmd: translateComputeKernel
  api=14 insize=4890 outsize=9822 ok=1
Cmd: preprocess
  insize=21620 outsize=510 ok=1
Cmd: preprocessCompute
  insize=6371 outsize=6373 ok=1
Cmd: preprocessCompute
  insize=5813 outsize=5815 ok=1
Cmd: preprocess
  insize=23280 outsize=515 ok=1
Cmd: preprocessCompute
  insize=1965 outsize=1967 ok=1
Cmd: preprocessCompute
  insize=7068 outsize=7070 ok=1
Cmd: compileComputeKernel
  error: 1 plat 14 at Ribbon.vfx(95): use of potentially uninitialized variable (GetParticleIndex)
  api=14 insize=7070 outsize=2193 ok=1
Cmd: translateComputeKernel
  api=14 insize=2193 outsize=3651 ok=1
Cmd: preprocessCompute
  insize=7280 outsize=7282 ok=1
Cmd: compileComputeKernel
  api=14 insize=7282 outsize=4521 ok=1
Cmd: translateComputeKernel
  api=14 insize=4521 outsize=8407 ok=1
Cmd: preprocess
  insize=22720 outsize=498 ok=1
Cmd: preprocessCompute
  insize=6930 outsize=6932 ok=1
Cmd: preprocessCompute
  insize=7182 outsize=7184 ok=1
Cmd: compileComputeKernel
  api=14 insize=7184 outsize=4870 ok=1
Cmd: translateComputeKernel
  api=14 insize=4870 outsize=9925 ok=1
Cmd: preprocess
  insize=23660 outsize=507 ok=1
Cmd: preprocessCompute
  insize=7068 outsize=7070 ok=1
Cmd: preprocessCompute
  insize=7280 outsize=7282 ok=1
Cmd: preprocess
  insize=22720 outsize=498 ok=1
Cmd: preprocessCompute
  insize=7609 outsize=7611 ok=1
Cmd: preprocessCompute
  insize=9341 outsize=9343 ok=1
Cmd: preprocessCompute
  insize=6602 outsize=6604 ok=1
Cmd: preprocessCompute
  insize=7436 outsize=7438 ok=1
Cmd: preprocess
  insize=21620 outsize=510 ok=1
Cmd: preprocessCompute
  insize=4622 outsize=4624 ok=1
Cmd: preprocessCompute
  insize=3482 outsize=3484 ok=1
Cmd: preprocess
  insize=20857 outsize=514 ok=1
Cmd: preprocessCompute
  insize=1893 outsize=1895 ok=1
Cmd: preprocessCompute
  insize=6371 outsize=6373 ok=1
Cmd: preprocessCompute
  insize=5813 outsize=5815 ok=1
Cmd: preprocess
  insize=23280 outsize=515 ok=1
Cmd: preprocessCompute
  insize=1965 outsize=1967 ok=1
Cmd: preprocessCompute
  insize=6930 outsize=6932 ok=1
Cmd: preprocessCompute
  insize=7182 outsize=7184 ok=1
Cmd: preprocess
  insize=23660 outsize=507 ok=1
Cmd: preprocessCompute
  insize=6565 outsize=6567 ok=1
Cmd: preprocessCompute
  insize=7348 outsize=7350 ok=1
Cmd: preprocessCompute
  insize=7535 outsize=7537 ok=1
Cmd: preprocessCompute
  insize=7294 outsize=7296 ok=1
Cmd: preprocess
  insize=23660 outsize=508 ok=1
Cmd: preprocessCompute
  insize=6371 outsize=6373 ok=1
Cmd: preprocessCompute
  insize=5813 outsize=5815 ok=1
Cmd: preprocess
  insize=23267 outsize=502 ok=1
Cmd: preprocessCompute
  insize=1965 outsize=1967 ok=1
Cmd: compileSnippet
  api=14 type=0 insize=3912 outsize=3102 kw= pd=UNITY_NO_DXT5nm UNITY_ENABLE_REFLECTION_BUFFERS UNITY_NO_SCREENSPACE_SHADOWS UNITY_PBS_USE_BRDF2 SHADER_API_DESKTOP UNITY_HARDWARE_TIER3 UNITY_COLORSPACE_GAMMA UNITY_LIGHTMAP_DLDR_ENCODING ok=1
Cmd: compileSnippet
  api=14 type=1 insize=3912 outsize=2855 kw= pd=UNITY_NO_DXT5nm UNITY_ENABLE_REFLECTION_BUFFERS UNITY_NO_SCREENSPACE_SHADOWS UNITY_PBS_USE_BRDF2 SHADER_API_DESKTOP UNITY_HARDWARE_TIER3 UNITY_COLORSPACE_GAMMA UNITY_LIGHTMAP_DLDR_ENCODING ok=1
Cmd: compileSnippet
  api=14 type=0 insize=3555 outsize=2909 kw= pd=UNITY_NO_DXT5nm UNITY_ENABLE_REFLECTION_BUFFERS UNITY_NO_SCREENSPACE_SHADOWS UNITY_PBS_USE_BRDF2 SHADER_API_DESKTOP UNITY_HARDWARE_TIER3 UNITY_COLORSPACE_GAMMA UNITY_LIGHTMAP_DLDR_ENCODING ok=1
Cmd: compileSnippet
  api=14 type=1 insize=3555 outsize=2109 kw= pd=UNITY_NO_DXT5nm UNITY_ENABLE_REFLECTION_BUFFERS UNITY_NO_SCREENSPACE_SHADOWS UNITY_PBS_USE_BRDF2 SHADER_API_DESKTOP UNITY_HARDWARE_TIER3 UNITY_COLORSPACE_GAMMA UNITY_LIGHTMAP_DLDR_ENCODING ok=1
Cmd: preprocessCompute
  insize=6337 outsize=6339 ok=1
Cmd: compileComputeKernel
  api=14 insize=6339 outsize=3231 ok=1
Cmd: preprocessCompute
  insize=5813 outsize=5815 ok=1
Cmd: preprocess
  insize=23267 outsize=502 ok=1
Cmd: preprocessCompute
  insize=1965 outsize=1967 ok=1
Cmd: preprocessCompute
  insize=6337 outsize=6339 ok=1
Cmd: preprocessCompute
  insize=5813 outsize=5815 ok=1
Cmd: preprocess
  insize=23267 outsize=502 ok=1
Cmd: preprocessCompute
  insize=1965 outsize=1967 ok=1
Cmd: preprocessCompute
  insize=6337 outsize=6339 ok=1
Cmd: preprocessCompute
  insize=5813 outsize=5815 ok=1
Cmd: preprocess
  insize=23267 outsize=502 ok=1
Cmd: preprocessCompute
  insize=1965 outsize=1967 ok=1
Cmd: preprocessCompute
  insize=6337 outsize=6339 ok=1
Cmd: preprocessCompute
  insize=5813 outsize=5815 ok=1
Cmd: preprocess
  insize=23267 outsize=502 ok=1
Cmd: preprocessCompute
  insize=1965 outsize=1967 ok=1
Cmd: preprocessCompute
  insize=6337 outsize=6339 ok=1
Cmd: preprocessCompute
  insize=5813 outsize=5815 ok=1
Cmd: preprocess
  insize=23267 outsize=502 ok=1
Cmd: preprocessCompute
  insize=1965 outsize=1967 ok=1
Cmd: preprocessCompute
  insize=6372 outsize=6374 ok=1
Cmd: compileComputeKernel
  api=14 insize=6374 outsize=2835 ok=1
Cmd: translateComputeKernel
  api=14 insize=2835 outsize=4534 ok=1
Cmd: preprocessCompute
  insize=5813 outsize=5815 ok=1
Cmd: preprocess
  insize=23267 outsize=502 ok=1
Cmd: preprocessCompute
  insize=1965 outsize=1967 ok=1
Cmd: preprocessCompute
  insize=6337 outsize=6339 ok=1
Cmd: preprocessCompute
  insize=5813 outsize=5815 ok=1
Cmd: preprocess
  insize=23267 outsize=502 ok=1
Cmd: preprocessCompute
  insize=1965 outsize=1967 ok=1
Cmd: preprocessCompute
  insize=6337 outsize=6339 ok=1
Cmd: compileComputeKernel
  api=14 insize=6339 outsize=3231 ok=1
Cmd: preprocessCompute
  insize=5813 outsize=5815 ok=1
Cmd: compileComputeKernel
  api=14 insize=5815 outsize=2524 ok=1
Cmd: translateComputeKernel
  api=14 insize=2524 outsize=4444 ok=1
Cmd: preprocess
  insize=23267 outsize=502 ok=1
Cmd: preprocessCompute
  insize=1900 outsize=1902 ok=1
Cmd: compileComputeKernel
  api=14 insize=1902 outsize=2134 ok=1
Cmd: preprocessCompute
  insize=6337 outsize=6339 ok=1
Cmd: preprocessCompute
  insize=5813 outsize=5815 ok=1
Cmd: preprocess
  insize=23267 outsize=502 ok=1
Cmd: preprocessCompute
  insize=1900 outsize=1902 ok=1
Cmd: preprocessCompute
  insize=6337 outsize=6339 ok=1
Cmd: preprocessCompute
  insize=5813 outsize=5815 ok=1
Cmd: preprocess
  insize=23267 outsize=502 ok=1
Cmd: preprocessCompute
  insize=1965 outsize=1967 ok=1
Cmd: preprocessCompute
  insize=6337 outsize=6339 ok=1
Cmd: preprocessCompute
  insize=5813 outsize=5815 ok=1
Cmd: preprocess
  insize=23267 outsize=502 ok=1
Cmd: preprocessCompute
  insize=1900 outsize=1902 ok=1
Cmd: preprocessCompute
  insize=6337 outsize=6339 ok=1
Cmd: preprocessCompute
  insize=6211 outsize=6213 ok=1
Cmd: compileComputeKernel
  api=14 insize=6213 outsize=2627 ok=1
Cmd: translateComputeKernel
  api=14 insize=2627 outsize=4783 ok=1
Cmd: preprocess
  insize=23267 outsize=502 ok=1
Cmd: preprocessCompute
  insize=1900 outsize=1902 ok=1
Cmd: preprocessCompute
  insize=6337 outsize=6339 ok=1
Cmd: preprocessCompute
  insize=6211 outsize=6213 ok=1
Cmd: compileComputeKernel
  api=14 insize=6213 outsize=2627 ok=1
Cmd: translateComputeKernel
  api=14 insize=2627 outsize=4783 ok=1
Cmd: preprocess
  insize=23267 outsize=502 ok=1
Cmd: preprocessCompute
  insize=1965 outsize=1967 ok=1
Cmd: preprocessCompute
  insize=6782 outsize=6784 ok=1
Cmd: compileComputeKernel
  api=14 insize=6784 outsize=3697 ok=1
Cmd: preprocessCompute
  insize=6211 outsize=6213 ok=1
Cmd: preprocess
  insize=23267 outsize=502 ok=1
Cmd: preprocessCompute
  insize=1965 outsize=1967 ok=1
Cmd: preprocessCompute
  insize=6783 outsize=6785 ok=1
Cmd: compileComputeKernel
  api=14 insize=6785 outsize=3693 ok=1
Cmd: preprocessCompute
  insize=6213 outsize=6215 ok=1
Cmd: compileComputeKernel
  api=14 insize=6215 outsize=2627 ok=1
Cmd: translateComputeKernel
  api=14 insize=2627 outsize=4821 ok=1
Cmd: preprocess
  insize=23266 outsize=502 ok=1
Cmd: preprocessCompute
  insize=1964 outsize=1966 ok=1
Cmd: compileComputeKernel
  api=14 insize=1966 outsize=2386 ok=1
Cmd: translateComputeKernel
  api=14 insize=2386 outsize=3344 ok=1
Cmd: preprocessCompute
  insize=6780 outsize=6782 ok=1
Cmd: compileComputeKernel
  api=14 insize=6782 outsize=3765 ok=1
Cmd: translateComputeKernel
  api=14 insize=3765 outsize=5928 ok=1
Cmd: preprocessCompute
  insize=6169 outsize=6171 ok=1
Cmd: compileComputeKernel
  api=14 insize=6171 outsize=2401 ok=1
Cmd: preprocess
  insize=23177 outsize=488 ok=1
Cmd: preprocessCompute
  insize=6780 outsize=6782 ok=1
Cmd: preprocessCompute
  insize=6169 outsize=6171 ok=1
Cmd: preprocess
  insize=22686 outsize=489 ok=1
Cmd: preprocessCompute
  insize=6780 outsize=6782 ok=1
Cmd: preprocessCompute
  insize=6169 outsize=6171 ok=1
Cmd: preprocess
  insize=22937 outsize=489 ok=1
Cmd: preprocessCompute
  insize=6780 outsize=6782 ok=1
Cmd: compileComputeKernel
  api=14 insize=6782 outsize=3737 ok=1
Cmd: translateComputeKernel
  api=14 insize=3737 outsize=5559 ok=1
Cmd: preprocessCompute
  insize=6169 outsize=6171 ok=1
Cmd: compileComputeKernel
  api=14 insize=6171 outsize=2373 ok=1
Cmd: translateComputeKernel
  api=14 insize=2373 outsize=4226 ok=1
Cmd: preprocess
  insize=21915 outsize=488 ok=1
Cmd: preprocessCompute
  insize=6780 outsize=6782 ok=1
Cmd: preprocessCompute
  insize=6169 outsize=6171 ok=1
Cmd: preprocess
  insize=22154 outsize=489 ok=1
Cmd: preprocessCompute
  insize=6780 outsize=6782 ok=1
Cmd: compileComputeKernel
  api=14 insize=6782 outsize=3737 ok=1
Cmd: preprocessCompute
  insize=6855 outsize=6857 ok=1
Cmd: compileComputeKernel
  api=14 insize=6857 outsize=2513 ok=1
Cmd: translateComputeKernel
  api=14 insize=2513 outsize=4330 ok=1
Cmd: preprocess
  insize=22153 outsize=488 ok=1
Cmd: preprocessCompute
  insize=6780 outsize=6782 ok=1
Cmd: compileComputeKernel
  api=14 insize=6782 outsize=3737 ok=1
Cmd: translateComputeKernel
  api=14 insize=3737 outsize=5559 ok=1
Cmd: preprocessCompute
  insize=6855 outsize=6857 ok=1
Cmd: compileComputeKernel
  api=14 insize=6857 outsize=2513 ok=1
Cmd: translateComputeKernel
  api=14 insize=2513 outsize=4330 ok=1
Cmd: preprocess
  insize=22153 outsize=488 ok=1
Cmd: preprocessCompute
  insize=6780 outsize=6782 ok=1
Cmd: preprocessCompute
  insize=6855 outsize=6857 ok=1
Cmd: preprocess
  insize=22153 outsize=488 ok=1
Cmd: preprocessCompute
  insize=6780 outsize=6782 ok=1
Cmd: preprocessCompute
  insize=6908 outsize=6910 ok=1
Cmd: compileComputeKernel
  api=14 insize=6910 outsize=2513 ok=1
Cmd: translateComputeKernel
  api=14 insize=2513 outsize=4330 ok=1
Cmd: preprocess
  insize=22153 outsize=488 ok=1
Cmd: preprocessCompute
  insize=6780 outsize=6782 ok=1
Cmd: preprocessCompute
  insize=6908 outsize=6910 ok=1
Cmd: compileComputeKernel
  api=14 insize=6910 outsize=2513 ok=1
Cmd: translateComputeKernel
  api=14 insize=2513 outsize=4330 ok=1
Cmd: preprocess
  insize=22153 outsize=488 ok=1
Cmd: preprocessCompute
  insize=6780 outsize=6782 ok=1
Cmd: preprocessCompute
  insize=7256 outsize=7258 ok=1
Cmd: compileComputeKernel
  api=14 insize=7258 outsize=3038 ok=1
Cmd: preprocess
  insize=22153 outsize=488 ok=1
Cmd: preprocessCompute
  insize=4201 outsize=4203 ok=1
Cmd: compileComputeKernel
  api=14 insize=4203 outsize=495 ok=1
Cmd: translateComputeKernel
  api=14 insize=495 outsize=301 ok=1
Cmd: preprocessCompute
  insize=3450 outsize=3452 ok=1
Cmd: compileComputeKernel
  api=14 insize=3452 outsize=495 ok=1
Cmd: translateComputeKernel
  api=14 insize=495 outsize=301 ok=1
Cmd: preprocess
  insize=21955 outsize=489 ok=1
Cmd: preprocessCompute
  insize=6780 outsize=6782 ok=1
Cmd: preprocessCompute
  insize=7256 outsize=7258 ok=1
Cmd: preprocess
  insize=22153 outsize=488 ok=1
Cmd: preprocessCompute
  insize=5203 outsize=5205 ok=1
Cmd: compileComputeKernel
  api=14 insize=5205 outsize=2760 ok=1
Cmd: preprocessCompute
  insize=4873 outsize=4875 ok=1
Cmd: translateComputeKernel
  api=14 insize=2062 outsize=2922 ok=1
Cmd: preprocess
  insize=22033 outsize=489 ok=1
Cmd: preprocessCompute
  insize=6780 outsize=6782 ok=1
Cmd: preprocessCompute
  insize=7256 outsize=7258 ok=1
Cmd: preprocess
  insize=22153 outsize=488 ok=1
Cmd: preprocessCompute
  insize=5204 outsize=5206 ok=1
Cmd: compileComputeKernel
  api=14 insize=5206 outsize=2760 ok=1
Cmd: preprocessCompute
  insize=4877 outsize=4879 ok=1
Cmd: compileComputeKernel
  api=14 insize=4879 outsize=2062 ok=1
Cmd: translateComputeKernel
  api=14 insize=2062 outsize=2924 ok=1
Cmd: preprocess
  insize=22035 outsize=489 ok=1
Cmd: preprocessCompute
  insize=6780 outsize=6782 ok=1
Cmd: preprocessCompute
  insize=7256 outsize=7258 ok=1
Cmd: preprocess
  insize=22153 outsize=488 ok=1
Cmd: preprocessCompute
  insize=6253 outsize=6255 ok=1
Cmd: compileComputeKernel
  api=14 insize=6255 outsize=3555 ok=1
Cmd: preprocessCompute
  insize=5795 outsize=5797 ok=1
Cmd: compileComputeKernel
  api=14 insize=5797 outsize=2314 ok=1
Cmd: translateComputeKernel
  api=14 insize=2314 outsize=3875 ok=1
Cmd: preprocess
  insize=22169 outsize=489 ok=1
Cmd: preprocessCompute
  insize=6780 outsize=6782 ok=1
Cmd: preprocessCompute
  insize=7256 outsize=7258 ok=1
Cmd: preprocess
  insize=22153 outsize=488 ok=1
Cmd: preprocessCompute
  insize=6354 outsize=6356 ok=1
Cmd: compileComputeKernel
  api=14 insize=6356 outsize=3912 ok=1
Cmd: preprocessCompute
  insize=5795 outsize=5797 ok=1
Cmd: preprocess
  insize=22169 outsize=489 ok=1
Cmd: preprocessCompute
  insize=6780 outsize=6782 ok=1
Cmd: preprocessCompute
  insize=7256 outsize=7258 ok=1
Cmd: preprocess
  insize=22153 outsize=488 ok=1
Cmd: preprocessCompute
  insize=6355 outsize=6357 ok=1
Cmd: compileComputeKernel
  api=14 insize=6357 outsize=3940 ok=1
Cmd: translateComputeKernel
  api=14 insize=3940 outsize=6397 ok=1
Cmd: preprocessCompute
  insize=6470 outsize=6472 ok=1
Cmd: compileComputeKernel
  api=14 insize=6472 outsize=2499 ok=1
Cmd: translateComputeKernel
  api=14 insize=2499 outsize=4346 ok=1
Cmd: preprocess
  insize=22169 outsize=489 ok=1
Cmd: preprocessCompute
  insize=6780 outsize=6782 ok=1
Cmd: preprocessCompute
  insize=7256 outsize=7258 ok=1
Cmd: preprocess
  insize=22153 outsize=488 ok=1
Cmd: preprocessCompute
  insize=6355 outsize=6357 ok=1
Cmd: preprocessCompute
  insize=6727 outsize=6729 ok=1
Cmd: compileComputeKernel
  api=14 insize=6729 outsize=2666 ok=1
Cmd: preprocess
  insize=22169 outsize=489 ok=1
Cmd: preprocessCompute
  insize=6780 outsize=6782 ok=1
Cmd: preprocessCompute
  insize=7256 outsize=7258 ok=1
Cmd: preprocess
  insize=22153 outsize=488 ok=1
Cmd: preprocessCompute
  insize=6355 outsize=6357 ok=1
Cmd: preprocessCompute
  insize=6727 outsize=6729 ok=1
Cmd: preprocess
  insize=21940 outsize=489 ok=1
Cmd: preprocessCompute
  insize=6780 outsize=6782 ok=1
Cmd: preprocessCompute
  insize=7256 outsize=7258 ok=1
Cmd: preprocess
  insize=22153 outsize=488 ok=1
Cmd: preprocessCompute
  insize=6442 outsize=6444 ok=1
Cmd: compileComputeKernel
  api=14 insize=6444 outsize=3968 ok=1
Cmd: translateComputeKernel
  api=14 insize=3968 outsize=6499 ok=1
Cmd: preprocessCompute
  insize=6727 outsize=6729 ok=1
Cmd: compileComputeKernel
  api=14 insize=6729 outsize=2666 ok=1
Cmd: translateComputeKernel
  api=14 insize=2666 outsize=4530 ok=1
Cmd: preprocess
  insize=22475 outsize=489 ok=1
Cmd: preprocessCompute
  insize=6780 outsize=6782 ok=1
Cmd: preprocessCompute
  insize=7256 outsize=7258 ok=1
Cmd: preprocess
  insize=22153 outsize=488 ok=1
Cmd: preprocessCompute
  insize=6443 outsize=6445 ok=1
Cmd: compileComputeKernel
  api=14 insize=6445 outsize=3968 ok=1
Cmd: preprocessCompute
  insize=6731 outsize=6733 ok=1
Cmd: compileComputeKernel
  api=14 insize=6733 outsize=2706 ok=1
Cmd: translateComputeKernel
  api=14 insize=2706 outsize=4608 ok=1
Cmd: preprocess
  insize=23499 outsize=487 ok=1
Cmd: preprocessCompute
  insize=6780 outsize=6782 ok=1
Cmd: preprocessCompute
  insize=7256 outsize=7258 ok=1
Cmd: compileComputeKernel
  api=14 insize=7258 outsize=3038 ok=1
Cmd: translateComputeKernel
  api=14 insize=3038 outsize=5710 ok=1
Cmd: preprocess
  insize=22153 outsize=488 ok=1
Cmd: preprocessCompute
  insize=6443 outsize=6445 ok=1
Cmd: preprocessCompute
  insize=6731 outsize=6733 ok=1
Cmd: preprocess
  insize=23499 outsize=487 ok=1
Cmd: preprocessCompute
  insize=6899 outsize=6901 ok=1
Cmd: compileComputeKernel
  api=14 insize=6901 outsize=3968 ok=1
Cmd: translateComputeKernel
  api=14 insize=3968 outsize=6521 ok=1
Cmd: preprocessCompute
  insize=6731 outsize=6733 ok=1
Cmd: preprocess
  insize=23499 outsize=487 ok=1
Cmd: preprocessCompute
  insize=6780 outsize=6782 ok=1
Cmd: preprocessCompute
  insize=7256 outsize=7258 ok=1
Cmd: preprocess
  insize=22153 outsize=488 ok=1
Cmd: preprocessCompute
  insize=6443 outsize=6445 ok=1
Cmd: preprocessCompute
  insize=6731 outsize=6733 ok=1
Cmd: preprocess
  insize=23499 outsize=487 ok=1
Cmd: preprocessCompute
  insize=6780 outsize=6782 ok=1
Cmd: preprocessCompute
  insize=7256 outsize=7258 ok=1
Cmd: preprocess
  insize=22153 outsize=488 ok=1
Cmd: preprocessCompute
  insize=6443 outsize=6445 ok=1
Cmd: preprocessCompute
  insize=6731 outsize=6733 ok=1
Cmd: preprocess
  insize=23499 outsize=487 ok=1
Cmd: preprocessCompute
  insize=6780 outsize=6782 ok=1
Cmd: preprocessCompute
  insize=7256 outsize=7258 ok=1
Cmd: preprocess
  insize=22153 outsize=488 ok=1
Cmd: preprocessCompute
  insize=6443 outsize=6445 ok=1
Cmd: preprocessCompute
  insize=6731 outsize=6733 ok=1
Cmd: preprocess
  insize=23499 outsize=487 ok=1
Cmd: preprocessCompute
  insize=6780 outsize=6782 ok=1
Cmd: preprocessCompute
  insize=7256 outsize=7258 ok=1
Cmd: preprocess
  insize=22153 outsize=488 ok=1
Cmd: preprocessCompute
  insize=6928 outsize=6930 ok=1
Cmd: compileComputeKernel
  api=14 insize=6930 outsize=4342 ok=1
Cmd: translateComputeKernel
  api=14 insize=4342 outsize=7498 ok=1
Cmd: preprocessCompute
  insize=6731 outsize=6733 ok=1
Cmd: compileComputeKernel
  api=14 insize=6733 outsize=2706 ok=1
Cmd: translateComputeKernel
  api=14 insize=2706 outsize=4608 ok=1
Cmd: preprocess
  insize=23499 outsize=487 ok=1
Cmd: preprocessCompute
  insize=6780 outsize=6782 ok=1
Cmd: preprocessCompute
  insize=7256 outsize=7258 ok=1
Cmd: preprocess
  insize=22153 outsize=488 ok=1
Cmd: preprocessCompute
  insize=6926 outsize=6928 ok=1
Cmd: compileComputeKernel
  api=14 insize=6928 outsize=4334 ok=1
Cmd: translateComputeKernel
  api=14 insize=4334 outsize=7444 ok=1
Cmd: preprocessCompute
  insize=6723 outsize=6725 ok=1
Cmd: compileComputeKernel
  api=14 insize=6725 outsize=2706 ok=1
Cmd: translateComputeKernel
  api=14 insize=2706 outsize=4576 ok=1
Cmd: preprocess
  insize=23492 outsize=489 ok=1
Cmd: preprocessCompute
  insize=6780 outsize=6782 ok=1
Cmd: preprocessCompute
  insize=7256 outsize=7258 ok=1
Cmd: preprocess
  insize=22153 outsize=488 ok=1
Cmd: preprocessCompute
  insize=6926 outsize=6928 ok=1
Cmd: preprocessCompute
  insize=6723 outsize=6725 ok=1
Cmd: preprocess
  insize=23229 outsize=489 ok=1
Cmd: preprocessCompute
  insize=6735 outsize=6737 ok=1
Cmd: compileComputeKernel
  api=14 insize=6737 outsize=3011 ok=1
Cmd: translateComputeKernel
  api=14 insize=3011 outsize=4908 ok=1
Cmd: preprocessCompute
  insize=7244 outsize=7246 ok=1
Cmd: compileComputeKernel
  api=14 insize=7246 outsize=2863 ok=1
Cmd: translateComputeKernel
  api=14 insize=2863 outsize=5581 ok=1
Cmd: preprocess
  insize=22149 outsize=487 ok=1
Cmd: preprocessCompute
  insize=6811 outsize=6813 ok=1
Cmd: compileComputeKernel
  api=14 insize=6813 outsize=3632 ok=1
Cmd: translateComputeKernel
  api=14 insize=3632 outsize=6764 ok=1
Cmd: preprocessCompute
  insize=6726 outsize=6728 ok=1
Cmd: compileComputeKernel
  api=14 insize=6728 outsize=2490 ok=1
Cmd: translateComputeKernel
  api=14 insize=2490 outsize=4425 ok=1
Cmd: preprocess
  insize=23245 outsize=490 ok=1
Cmd: preprocessCompute
  insize=6735 outsize=6737 ok=1
Cmd: preprocessCompute
  insize=7244 outsize=7246 ok=1
Cmd: preprocess
  insize=22149 outsize=487 ok=1
Cmd: preprocessCompute
  insize=6811 outsize=6813 ok=1
Cmd: preprocessCompute
  insize=6726 outsize=6728 ok=1
Cmd: preprocess
  insize=23245 outsize=490 ok=1
Cmd: compileSnippet
  api=14 type=0 insize=21998 outsize=6066 kw=UNITY_PASS_FORWARDBASE pd=UNITY_NO_DXT5nm UNITY_NO_RGBM UNITY_ENABLE_REFLECTION_BUFFERS UNITY_FRAMEBUFFER_FETCH_AVAILABLE UNITY_NO_SCREENSPACE_SHADOWS UNITY_PBS_USE_BRDF2 SHADER_API_MOBILE UNITY_HARDWARE_TIER2 UNITY_COLORSPACE_GAMMA UNITY_LIGHTMAP_DLDR_ENCODING ok=1
Cmd: compileSnippet
  api=14 type=1 insize=21998 outsize=1079 kw=UNITY_PASS_FORWARDBASE pd=UNITY_NO_DXT5nm UNITY_NO_RGBM UNITY_ENABLE_REFLECTION_BUFFERS UNITY_FRAMEBUFFER_FETCH_AVAILABLE UNITY_NO_SCREENSPACE_SHADOWS UNITY_PBS_USE_BRDF3 SHADER_API_MOBILE UNITY_HARDWARE_TIER1 UNITY_COLORSPACE_GAMMA UNITY_LIGHTMAP_DLDR_ENCODING ok=1
Cmd: compileSnippet
  api=14 type=0 insize=23092 outsize=6683 kw=UNITY_PASS_FORWARDBASE pd=UNITY_NO_DXT5nm UNITY_NO_RGBM UNITY_ENABLE_REFLECTION_BUFFERS UNITY_FRAMEBUFFER_FETCH_AVAILABLE UNITY_NO_SCREENSPACE_SHADOWS UNITY_PBS_USE_BRDF3 SHADER_API_MOBILE UNITY_HARDWARE_TIER1 UNITY_COLORSPACE_GAMMA UNITY_LIGHTMAP_DLDR_ENCODING ok=1
Cmd: compileSnippet
  api=14 type=1 insize=23092 outsize=1079 kw=UNITY_PASS_FORWARDBASE pd=UNITY_NO_DXT5nm UNITY_NO_RGBM UNITY_ENABLE_REFLECTION_BUFFERS UNITY_FRAMEBUFFER_FETCH_AVAILABLE UNITY_NO_SCREENSPACE_SHADOWS UNITY_PBS_USE_BRDF3 SHADER_API_MOBILE UNITY_HARDWARE_TIER1 UNITY_COLORSPACE_GAMMA UNITY_LIGHTMAP_DLDR_ENCODING ok=1
Cmd: preprocessCompute
  insize=6780 outsize=6782 ok=1
Cmd: preprocessCompute
  insize=7256 outsize=7258 ok=1
Cmd: preprocess
  insize=22153 outsize=488 ok=1
Cmd: preprocessCompute
  insize=6926 outsize=6928 ok=1
Cmd: preprocessCompute
  insize=6723 outsize=6725 ok=1
Cmd: preprocess
  insize=23230 outsize=490 ok=1
Cmd: preprocessCompute
  insize=6780 outsize=6782 ok=1
Cmd: preprocessCompute
  insize=7256 outsize=7258 ok=1
Cmd: preprocess
  insize=22153 outsize=488 ok=1
Cmd: preprocessCompute
  insize=6926 outsize=6928 ok=1
Cmd: preprocessCompute
  insize=6723 outsize=6725 ok=1
Cmd: preprocess
  insize=23230 outsize=490 ok=1
Cmd: preprocessCompute
  insize=6780 outsize=6782 ok=1
Cmd: preprocessCompute
  insize=7256 outsize=7258 ok=1
Cmd: preprocess
  insize=22153 outsize=488 ok=1
Cmd: preprocessCompute
  insize=6926 outsize=6928 ok=1
Cmd: preprocessCompute
  insize=6723 outsize=6725 ok=1
Cmd: preprocess
  insize=23230 outsize=490 ok=1
Cmd: preprocessCompute
  insize=6780 outsize=6782 ok=1
Cmd: preprocessCompute
  insize=7256 outsize=7258 ok=1
Cmd: preprocess
  insize=22153 outsize=488 ok=1
Cmd: preprocessCompute
  insize=6926 outsize=6928 ok=1
Cmd: preprocessCompute
  insize=6723 outsize=6725 ok=1
Cmd: preprocess
  insize=23230 outsize=490 ok=1
Cmd: compileSnippet
  api=14 type=0 insize=22002 outsize=6063 kw=UNITY_PASS_FORWARDBASE pd=UNITY_NO_DXT5nm UNITY_NO_RGBM UNITY_ENABLE_REFLECTION_BUFFERS UNITY_FRAMEBUFFER_FETCH_AVAILABLE UNITY_NO_SCREENSPACE_SHADOWS UNITY_PBS_USE_BRDF2 SHADER_API_MOBILE UNITY_HARDWARE_TIER3 UNITY_COLORSPACE_GAMMA UNITY_LIGHTMAP_DLDR_ENCODING ok=1
Cmd: compileSnippet
  api=14 type=1 insize=22002 outsize=1079 kw=UNITY_PASS_FORWARDBASE pd=UNITY_NO_DXT5nm UNITY_NO_RGBM UNITY_ENABLE_REFLECTION_BUFFERS UNITY_FRAMEBUFFER_FETCH_AVAILABLE UNITY_NO_SCREENSPACE_SHADOWS UNITY_PBS_USE_BRDF3 SHADER_API_MOBILE UNITY_HARDWARE_TIER1 UNITY_COLORSPACE_GAMMA UNITY_LIGHTMAP_DLDR_ENCODING ok=1
Cmd: compileSnippet
  api=14 type=0 insize=23077 outsize=6756 kw=UNITY_PASS_FORWARDBASE pd=UNITY_NO_DXT5nm UNITY_NO_RGBM UNITY_ENABLE_REFLECTION_BUFFERS UNITY_FRAMEBUFFER_FETCH_AVAILABLE UNITY_NO_SCREENSPACE_SHADOWS UNITY_PBS_USE_BRDF3 SHADER_API_MOBILE UNITY_HARDWARE_TIER1 UNITY_COLORSPACE_GAMMA UNITY_LIGHTMAP_DLDR_ENCODING ok=1
Cmd: compileSnippet
  api=14 type=1 insize=23077 outsize=1079 kw=UNITY_PASS_FORWARDBASE pd=UNITY_NO_DXT5nm UNITY_NO_RGBM UNITY_ENABLE_REFLECTION_BUFFERS UNITY_FRAMEBUFFER_FETCH_AVAILABLE UNITY_NO_SCREENSPACE_SHADOWS UNITY_PBS_USE_BRDF3 SHADER_API_MOBILE UNITY_HARDWARE_TIER1 UNITY_COLORSPACE_GAMMA UNITY_LIGHTMAP_DLDR_ENCODING ok=1
Cmd: preprocessCompute
  insize=6780 outsize=6782 ok=1
Cmd: preprocessCompute
  insize=7256 outsize=7258 ok=1
Cmd: preprocess
  insize=22153 outsize=488 ok=1
Cmd: preprocessCompute
  insize=6926 outsize=6928 ok=1
Cmd: preprocessCompute
  insize=6723 outsize=6725 ok=1
Cmd: preprocess
  insize=23230 outsize=490 ok=1
Cmd: preprocessCompute
  insize=6780 outsize=6782 ok=1
Cmd: preprocessCompute
  insize=7256 outsize=7258 ok=1
Cmd: preprocess
  insize=22153 outsize=488 ok=1
Cmd: preprocessCompute
  insize=6926 outsize=6928 ok=1
Cmd: preprocessCompute
  insize=6723 outsize=6725 ok=1
Cmd: preprocess
  insize=23230 outsize=490 ok=1
Cmd: preprocessCompute
  insize=6780 outsize=6782 ok=1
Cmd: preprocessCompute
  insize=7256 outsize=7258 ok=1
Cmd: preprocess
  insize=22153 outsize=488 ok=1
Cmd: preprocessCompute
  insize=6926 outsize=6928 ok=1
Cmd: preprocessCompute
  insize=6723 outsize=6725 ok=1
Cmd: preprocess
  insize=23230 outsize=490 ok=1
Cmd: preprocessCompute
  insize=6780 outsize=6782 ok=1
Cmd: preprocessCompute
  insize=7256 outsize=7258 ok=1
Cmd: preprocess
  insize=22153 outsize=488 ok=1
Cmd: preprocessCompute
  insize=6926 outsize=6928 ok=1
Cmd: preprocessCompute
  insize=6723 outsize=6725 ok=1
Cmd: preprocess
  insize=23230 outsize=490 ok=1
Cmd: preprocessCompute
  insize=6780 outsize=6782 ok=1
Cmd: preprocessCompute
  insize=7256 outsize=7258 ok=1
Cmd: preprocess
  insize=22153 outsize=488 ok=1
Cmd: preprocessCompute
  insize=6926 outsize=6928 ok=1
Cmd: preprocessCompute
  insize=6723 outsize=6725 ok=1
Cmd: preprocess
  insize=23230 outsize=490 ok=1
Cmd: preprocessCompute
  insize=6780 outsize=6782 ok=1
Cmd: preprocessCompute
  insize=7256 outsize=7258 ok=1
Cmd: preprocess
  insize=22153 outsize=488 ok=1
Cmd: preprocessCompute
  insize=6926 outsize=6928 ok=1
Cmd: preprocessCompute
  insize=6723 outsize=6725 ok=1
Cmd: preprocess
  insize=23230 outsize=490 ok=1
Cmd: preprocessCompute
  insize=6780 outsize=6782 ok=1
Cmd: preprocessCompute
  insize=7256 outsize=7258 ok=1
Cmd: preprocess
  insize=22153 outsize=488 ok=1
Cmd: preprocessCompute
  insize=6926 outsize=6928 ok=1
Cmd: preprocessCompute
  insize=6723 outsize=6725 ok=1
Cmd: preprocess
  insize=23230 outsize=490 ok=1
Cmd: preprocessCompute
  insize=6780 outsize=6782 ok=1
Cmd: preprocessCompute
  insize=7256 outsize=7258 ok=1
Cmd: preprocess
  insize=22153 outsize=488 ok=1
Cmd: preprocessCompute
  insize=6926 outsize=6928 ok=1
Cmd: preprocessCompute
  insize=6723 outsize=6725 ok=1
Cmd: preprocess
  insize=23230 outsize=490 ok=1
Cmd: preprocessCompute
  insize=6751 outsize=6753 ok=1
Cmd: preprocessCompute
  insize=7244 outsize=7246 ok=1
Cmd: preprocess
  insize=22149 outsize=487 ok=1
Cmd: preprocessCompute
  insize=6811 outsize=6813 ok=1
Cmd: preprocessCompute
  insize=6750 outsize=6752 ok=1
Cmd: compileComputeKernel
  api=14 insize=6752 outsize=2490 ok=1
Cmd: preprocess
  insize=23245 outsize=490 ok=1
Cmd: preprocessCompute
  insize=6751 outsize=6753 ok=1
Cmd: preprocessCompute
  insize=7244 outsize=7246 ok=1
Cmd: preprocess
  insize=22149 outsize=487 ok=1
Cmd: preprocessCompute
  insize=6811 outsize=6813 ok=1
Cmd: preprocessCompute
  insize=6750 outsize=6752 ok=1
Cmd: preprocess
  insize=23245 outsize=490 ok=1
Cmd: preprocessCompute
  insize=6751 outsize=6753 ok=1
Cmd: preprocessCompute
  insize=7244 outsize=7246 ok=1
Cmd: preprocess
  insize=22149 outsize=487 ok=1
Cmd: preprocessCompute
  insize=6811 outsize=6813 ok=1
Cmd: preprocessCompute
  insize=6750 outsize=6752 ok=1
Cmd: preprocess
  insize=23245 outsize=490 ok=1
